0 info it worked if it ends with ok
1 verbose cli [ '/usr/local/Cellar/node/5.2.0/bin/node',
1 verbose cli   '/usr/local/bin/npm',
1 verbose cli   'start' ]
2 info using npm@3.5.2
3 info using node@v5.2.0
4 verbose run-script [ 'prestart', 'start', 'poststart' ]
5 info lifecycle web_node@1.0.0~prestart: web_node@1.0.0
6 silly lifecycle web_node@1.0.0~prestart: no script for prestart, continuing
7 info lifecycle web_node@1.0.0~start: web_node@1.0.0
8 verbose lifecycle web_node@1.0.0~start: unsafe-perm in lifecycle true
9 verbose lifecycle web_node@1.0.0~start: PATH: /usr/local/lib/node_modules/npm/bin/node-gyp-bin:/Users/liugenbin/microservices/node/node_modules/.bin:./:/Users/liugenbin/myshell:/opt/local/bin:/opt/local/sbin:/usr/local/bin:/usr/bin:/bin:/usr/sbin:/sbin:/usr/local/git/bin
10 verbose lifecycle web_node@1.0.0~start: CWD: /Users/liugenbin/microservices/node
11 silly lifecycle web_node@1.0.0~start: Args: [ '-c', 'supervisor ./bin/www' ]
12 silly lifecycle web_node@1.0.0~start: Returned: code: 1  signal: null
13 info lifecycle web_node@1.0.0~start: Failed to exec start script
14 verbose stack Error: web_node@1.0.0 start: `supervisor ./bin/www`
14 verbose stack Exit status 1
14 verbose stack     at EventEmitter.<anonymous> (/usr/local/lib/node_modules/npm/lib/utils/lifecycle.js:232:16)
14 verbose stack     at emitTwo (events.js:88:13)
14 verbose stack     at EventEmitter.emit (events.js:173:7)
14 verbose stack     at ChildProcess.<anonymous> (/usr/local/lib/node_modules/npm/lib/utils/spawn.js:24:14)
14 verbose stack     at emitTwo (events.js:88:13)
14 verbose stack     at ChildProcess.emit (events.js:173:7)
14 verbose stack     at maybeClose (internal/child_process.js:819:16)
14 verbose stack     at Process.ChildProcess._handle.onexit (internal/child_process.js:212:5)
15 verbose pkgid web_node@1.0.0
16 verbose cwd /Users/liugenbin/microservices/node
17 error Darwin 16.1.0
18 error argv "/usr/local/Cellar/node/5.2.0/bin/node" "/usr/local/bin/npm" "start"
19 error node v5.2.0
20 error npm  v3.5.2
21 error code ELIFECYCLE
22 error web_node@1.0.0 start: `supervisor ./bin/www`
22 error Exit status 1
23 error Failed at the web_node@1.0.0 start script 'supervisor ./bin/www'.
23 error Make sure you have the latest version of node.js and npm installed.
23 error If you do, this is most likely a problem with the web_node package,
23 error not with npm itself.
23 error Tell the author that this fails on your system:
23 error     supervisor ./bin/www
23 error You can get information on how to open an issue for this project with:
23 error     npm bugs web_node
23 error Or if that isn't available, you can get their info via:
23 error     npm owner ls web_node
23 error There is likely additional logging output above.
24 verbose exit [ 1, true ]
